# JRE version: OpenJDK Runtime Environment (17.0.7) (build 17.0.7+0-b2043.56-10550314)
# Java VM: OpenJDK 64-Bit Server VM (17.0.7+0-b2043.56-10550314, mixed mode, tiered, compressed oops, compressed class ptrs, g1 gc, windows-amd64)
GC Precious Log:
 CPUs: 4 total, 4 available
 Memory: 3521M
 Large Page Support: Disabled
 NUMA Support: Disabled
 Compressed Oops: Enabled (32-bit)
 Heap Region Size: 1M
 Heap Min Capacity: 8M
 Heap Initial Capacity: 56M
 Heap Max Capacity: 882M
 Pre-touch: Disabled
 Parallel Workers: 4
 Concurrent Workers: 1
 Concurrent Refinement Workers: 4
 Periodic GC: Disabled
Heap:
 garbage-first heap   total 106496K, used 64234K [0x00000000c8e00000, 0x0000000100000000)
  region size 1024K, 4 young (4096K), 4 survivors (4096K)
 Metaspace       used 69077K, committed 69440K, reserved 1114112K
  class space    used 7840K, committed 8000K, reserved 1048576K
GC Heap History (20 events):
Event: 15.382 GC heap after
{Heap after GC invocations=22 (full 0):
 garbage-first heap   total 76800K, used 41912K [0x00000000c8e00000, 0x0000000100000000)
  region size 1024K, 3 young (3072K), 3 survivors (3072K)
 Metaspace       used 55914K, committed 56128K, reserved 1114112K
  class space    used 6637K, committed 6720K, reserved 1048576K
}
Event: 16.223 GC heap before
{Heap before GC invocations=23 (full 0):
 garbage-first heap   total 78848K, used 61368K [0x00000000c8e00000, 0x0000000100000000)
  region size 1024K, 22 young (22528K), 3 survivors (3072K)
 Metaspace       used 56833K, committed 57024K, reserved 1114112K
  class space    used 6694K, committed 6784K, reserved 1048576K
}
Event: 16.241 GC heap after
{Heap after GC invocations=24 (full 0):
 garbage-first heap   total 78848K, used 45662K [0x00000000c8e00000, 0x0000000100000000)
  region size 1024K, 3 young (3072K), 3 survivors (3072K)
 Metaspace       used 56833K, committed 57024K, reserved 1114112K
  class space    used 6694K, committed 6784K, reserved 1048576K
}
Event: 16.509 GC heap before
{Heap before GC invocations=24 (full 0):
 garbage-first heap   total 78848K, used 50782K [0x00000000c8e00000, 0x0000000100000000)
  region size 1024K, 9 young (9216K), 3 survivors (3072K)
 Metaspace       used 57076K, committed 57280K, reserved 1114112K
  class space    used 6703K, committed 6784K, reserved 1048576K
}
Event: 16.520 GC heap after
{Heap after GC invocations=25 (full 0):
 garbage-first heap   total 95232K, used 46615K [0x00000000c8e00000, 0x0000000100000000)
  region size 1024K, 1 young (1024K), 1 survivors (1024K)
 Metaspace       used 57076K, committed 57280K, reserved 1114112K
  class space    used 6703K, committed 6784K, reserved 1048576K
}
Event: 17.464 GC heap before
{Heap before GC invocations=26 (full 0):
 garbage-first heap   total 95232K, used 74263K [0x00000000c8e00000, 0x0000000100000000)
  region size 1024K, 27 young (27648K), 1 survivors (1024K)
 Metaspace       used 58267K, committed 58496K, reserved 1114112K
  class space    used 6809K, committed 6912K, reserved 1048576K
}
Event: 17.476 GC heap after
{Heap after GC invocations=27 (full 0):
 garbage-first heap   total 95232K, used 50104K [0x00000000c8e00000, 0x0000000100000000)
  region size 1024K, 4 young (4096K), 4 survivors (4096K)
 Metaspace       used 58267K, committed 58496K, reserved 1114112K
  class space    used 6809K, committed 6912K, reserved 1048576K
}
Event: 18.673 GC heap before
{Heap before GC invocations=27 (full 0):
 garbage-first heap   total 95232K, used 74680K [0x00000000c8e00000, 0x0000000100000000)
  region size 1024K, 28 young (28672K), 4 survivors (4096K)
 Metaspace       used 59133K, committed 59328K, reserved 1114112K
  class space    used 6829K, committed 6912K, reserved 1048576K
}
Event: 18.686 GC heap after
{Heap after GC invocations=28 (full 0):
 garbage-first heap   total 95232K, used 53176K [0x00000000c8e00000, 0x0000000100000000)
  region size 1024K, 3 young (3072K), 3 survivors (3072K)
 Metaspace       used 59133K, committed 59328K, reserved 1114112K
  class space    used 6829K, committed 6912K, reserved 1048576K
}
Event: 19.527 GC heap before
{Heap before GC invocations=29 (full 0):
 garbage-first heap   total 95232K, used 74680K [0x00000000c8e00000, 0x0000000100000000)
  region size 1024K, 25 young (25600K), 3 survivors (3072K)
 Metaspace       used 62300K, committed 62592K, reserved 1114112K
  class space    used 7134K, committed 7232K, reserved 1048576K
}
Event: 19.539 GC heap after
{Heap after GC invocations=30 (full 0):
 garbage-first heap   total 95232K, used 55224K [0x00000000c8e00000, 0x0000000100000000)
  region size 1024K, 2 young (2048K), 2 survivors (2048K)
 Metaspace       used 62300K, committed 62592K, reserved 1114112K
  class space    used 7134K, committed 7232K, reserved 1048576K
}
Event: 19.574 GC heap before
{Heap before GC invocations=30 (full 0):
 garbage-first heap   total 95232K, used 56248K [0x00000000c8e00000, 0x0000000100000000)
  region size 1024K, 4 young (4096K), 2 survivors (2048K)
 Metaspace       used 62606K, committed 62848K, reserved 1114112K
  class space    used 7154K, committed 7232K, reserved 1048576K
}
Event: 19.584 GC heap after
{Heap after GC invocations=31 (full 0):
 garbage-first heap   total 95232K, used 54889K [0x00000000c8e00000, 0x0000000100000000)
  region size 1024K, 1 young (1024K), 1 survivors (1024K)
 Metaspace       used 62606K, committed 62848K, reserved 1114112K
  class space    used 7154K, committed 7232K, reserved 1048576K
}
Event: 20.500 GC heap before
{Heap before GC invocations=31 (full 0):
 garbage-first heap   total 95232K, used 75369K [0x00000000c8e00000, 0x0000000100000000)
  region size 1024K, 21 young (21504K), 1 survivors (1024K)
 Metaspace       used 66304K, committed 66560K, reserved 1114112K
  class space    used 7532K, committed 7616K, reserved 1048576K
}
Event: 20.510 GC heap after
{Heap after GC invocations=32 (full 0):
 garbage-first heap   total 95232K, used 56726K [0x00000000c8e00000, 0x0000000100000000)
  region size 1024K, 3 young (3072K), 3 survivors (3072K)
 Metaspace       used 66304K, committed 66560K, reserved 1114112K
  class space    used 7532K, committed 7616K, reserved 1048576K
}
Event: 21.027 GC heap before
{Heap before GC invocations=33 (full 0):
 garbage-first heap   total 106496K, used 75158K [0x00000000c8e00000, 0x0000000100000000)
  region size 1024K, 21 young (21504K), 3 survivors (3072K)
 Metaspace       used 68036K, committed 68416K, reserved 1114112K
  class space    used 7746K, committed 7936K, reserved 1048576K
}
Event: 21.040 GC heap after
{Heap after GC invocations=34 (full 0):
 garbage-first heap   total 106496K, used 59499K [0x00000000c8e00000, 0x0000000100000000)
  region size 1024K, 3 young (3072K), 3 survivors (3072K)
 Metaspace       used 68036K, committed 68416K, reserved 1114112K
  class space    used 7746K, committed 7936K, reserved 1048576K
}
Event: 21.077 GC heap before
{Heap before GC invocations=34 (full 0):
 garbage-first heap   total 106496K, used 61547K [0x00000000c8e00000, 0x0000000100000000)
  region size 1024K, 5 young (5120K), 3 survivors (3072K)
 Metaspace       used 68064K, committed 68416K, reserved 1114112K
  class space    used 7746K, committed 7936K, reserved 1048576K
}
Event: 21.086 GC heap after
{Heap after GC invocations=35 (full 0):
 garbage-first heap   total 106496K, used 59733K [0x00000000c8e00000, 0x0000000100000000)
  region size 1024K, 1 young (1024K), 1 survivors (1024K)
 Metaspace       used 68064K, committed 68416K, reserved 1114112K
  class space    used 7746K, committed 7936K, reserved 1048576K
}
Event: 21.898 GC heap before
{Heap before GC invocations=35 (full 0):
 garbage-first heap   total 106496K, used 84309K [0x00000000c8e00000, 0x0000000100000000)
  region size 1024K, 26 young (26624K), 1 survivors (1024K)
 Metaspace       used 69077K, committed 69440K, reserved 1114112K
  class space    used 7840K, committed 8000K, reserved 1048576K
}

