# JRE version: OpenJDK Runtime Environment (17.0.7) (build 17.0.7+0-b2043.56-10550314)
# Java VM: OpenJDK 64-Bit Server VM (17.0.7+0-b2043.56-10550314, mixed mode, tiered, compressed oops, compressed class ptrs, g1 gc, windows-amd64)
GC Precious Log:
 CPUs: 4 total, 4 available
 Memory: 3521M
 Large Page Support: Disabled
 NUMA Support: Disabled
 Compressed Oops: Enabled (32-bit)
 Heap Region Size: 1M
 Heap Min Capacity: 8M
 Heap Initial Capacity: 56M
 Heap Max Capacity: 882M
 Pre-touch: Disabled
 Parallel Workers: 4
 Concurrent Workers: 1
 Concurrent Refinement Workers: 4
 Periodic GC: Disabled
Heap:
 garbage-first heap   total 80896K, used 49960K [0x00000000c8e00000, 0x0000000100000000)
  region size 1024K, 3 young (3072K), 3 survivors (3072K)
 Metaspace       used 57931K, committed 58112K, reserved 1114112K
  class space    used 6772K, committed 6848K, reserved 1048576K
GC Heap History (20 events):
Event: 24.246 GC heap after
{Heap after GC invocations=12 (full 0):
 garbage-first heap   total 71680K, used 24671K [0x00000000c8e00000, 0x0000000100000000)
  region size 1024K, 3 young (3072K), 3 survivors (3072K)
 Metaspace       used 46633K, committed 46848K, reserved 1114112K
  class space    used 5682K, committed 5760K, reserved 1048576K
}
Event: 27.782 GC heap before
{Heap before GC invocations=12 (full 0):
 garbage-first heap   total 71680K, used 55391K [0x00000000c8e00000, 0x0000000100000000)
  region size 1024K, 31 young (31744K), 3 survivors (3072K)
 Metaspace       used 50555K, committed 50752K, reserved 1114112K
  class space    used 6135K, committed 6208K, reserved 1048576K
}
Event: 27.793 GC heap after
{Heap after GC invocations=13 (full 0):
 garbage-first heap   total 71680K, used 30555K [0x00000000c8e00000, 0x0000000100000000)
  region size 1024K, 4 young (4096K), 4 survivors (4096K)
 Metaspace       used 50555K, committed 50752K, reserved 1114112K
  class space    used 6135K, committed 6208K, reserved 1048576K
}
Event: 29.887 GC heap before
{Heap before GC invocations=13 (full 0):
 garbage-first heap   total 71680K, used 54107K [0x00000000c8e00000, 0x0000000100000000)
  region size 1024K, 27 young (27648K), 4 survivors (4096K)
 Metaspace       used 52132K, committed 52352K, reserved 1114112K
  class space    used 6205K, committed 6272K, reserved 1048576K
}
Event: 29.910 GC heap after
{Heap after GC invocations=14 (full 0):
 garbage-first heap   total 71680K, used 35168K [0x00000000c8e00000, 0x0000000100000000)
  region size 1024K, 4 young (4096K), 4 survivors (4096K)
 Metaspace       used 52132K, committed 52352K, reserved 1114112K
  class space    used 6205K, committed 6272K, reserved 1048576K
}
Event: 31.576 GC heap before
{Heap before GC invocations=14 (full 0):
 garbage-first heap   total 71680K, used 54624K [0x00000000c8e00000, 0x0000000100000000)
  region size 1024K, 23 young (23552K), 4 survivors (4096K)
 Metaspace       used 53339K, committed 53568K, reserved 1114112K
  class space    used 6326K, committed 6400K, reserved 1048576K
}
Event: 31.600 GC heap after
{Heap after GC invocations=15 (full 0):
 garbage-first heap   total 71680K, used 38157K [0x00000000c8e00000, 0x0000000100000000)
  region size 1024K, 3 young (3072K), 3 survivors (3072K)
 Metaspace       used 53339K, committed 53568K, reserved 1114112K
  class space    used 6326K, committed 6400K, reserved 1048576K
}
Event: 34.052 GC heap before
{Heap before GC invocations=15 (full 0):
 garbage-first heap   total 71680K, used 56589K [0x00000000c8e00000, 0x0000000100000000)
  region size 1024K, 21 young (21504K), 3 survivors (3072K)
 Metaspace       used 55501K, committed 55680K, reserved 1114112K
  class space    used 6595K, committed 6656K, reserved 1048576K
}
Event: 34.065 GC heap after
{Heap after GC invocations=16 (full 0):
 garbage-first heap   total 71680K, used 39746K [0x00000000c8e00000, 0x0000000100000000)
  region size 1024K, 2 young (2048K), 2 survivors (2048K)
 Metaspace       used 55501K, committed 55680K, reserved 1114112K
  class space    used 6595K, committed 6656K, reserved 1048576K
}
Event: 35.070 GC heap before
{Heap before GC invocations=17 (full 0):
 garbage-first heap   total 71680K, used 57154K [0x00000000c8e00000, 0x0000000100000000)
  region size 1024K, 19 young (19456K), 2 survivors (2048K)
 Metaspace       used 55871K, committed 56064K, reserved 1114112K
  class space    used 6630K, committed 6720K, reserved 1048576K
}
Event: 35.080 GC heap after
{Heap after GC invocations=18 (full 0):
 garbage-first heap   total 71680K, used 42291K [0x00000000c8e00000, 0x0000000100000000)
  region size 1024K, 3 young (3072K), 3 survivors (3072K)
 Metaspace       used 55871K, committed 56064K, reserved 1114112K
  class space    used 6630K, committed 6720K, reserved 1048576K
}
Event: 35.112 GC heap before
{Heap before GC invocations=18 (full 0):
 garbage-first heap   total 71680K, used 43315K [0x00000000c8e00000, 0x0000000100000000)
  region size 1024K, 4 young (4096K), 3 survivors (3072K)
 Metaspace       used 55895K, committed 56128K, reserved 1114112K
  class space    used 6630K, committed 6720K, reserved 1048576K
}
Event: 35.126 GC heap after
{Heap after GC invocations=19 (full 0):
 garbage-first heap   total 71680K, used 42023K [0x00000000c8e00000, 0x0000000100000000)
  region size 1024K, 1 young (1024K), 1 survivors (1024K)
 Metaspace       used 55895K, committed 56128K, reserved 1114112K
  class space    used 6630K, committed 6720K, reserved 1048576K
}
Event: 36.189 GC heap before
{Heap before GC invocations=19 (full 0):
 garbage-first heap   total 71680K, used 57383K [0x00000000c8e00000, 0x0000000100000000)
  region size 1024K, 16 young (16384K), 1 survivors (1024K)
 Metaspace       used 56825K, committed 57024K, reserved 1114112K
  class space    used 6692K, committed 6784K, reserved 1048576K
}
Event: 36.200 GC heap after
{Heap after GC invocations=20 (full 0):
 garbage-first heap   total 71680K, used 44565K [0x00000000c8e00000, 0x0000000100000000)
  region size 1024K, 2 young (2048K), 2 survivors (2048K)
 Metaspace       used 56825K, committed 57024K, reserved 1114112K
  class space    used 6692K, committed 6784K, reserved 1048576K
}
Event: 37.350 GC heap before
{Heap before GC invocations=21 (full 0):
 garbage-first heap   total 80896K, used 57877K [0x00000000c8e00000, 0x0000000100000000)
  region size 1024K, 14 young (14336K), 2 survivors (2048K)
 Metaspace       used 57091K, committed 57344K, reserved 1114112K
  class space    used 6701K, committed 6784K, reserved 1048576K
}
Event: 37.361 GC heap after
{Heap after GC invocations=22 (full 0):
 garbage-first heap   total 80896K, used 47690K [0x00000000c8e00000, 0x0000000100000000)
  region size 1024K, 2 young (2048K), 2 survivors (2048K)
 Metaspace       used 57091K, committed 57344K, reserved 1114112K
  class space    used 6701K, committed 6784K, reserved 1048576K
}
Event: 37.366 GC heap before
{Heap before GC invocations=22 (full 0):
 garbage-first heap   total 80896K, used 48714K [0x00000000c8e00000, 0x0000000100000000)
  region size 1024K, 3 young (3072K), 2 survivors (2048K)
 Metaspace       used 57091K, committed 57344K, reserved 1114112K
  class space    used 6701K, committed 6784K, reserved 1048576K
}
Event: 37.376 GC heap after
{Heap after GC invocations=23 (full 0):
 garbage-first heap   total 80896K, used 47613K [0x00000000c8e00000, 0x0000000100000000)
  region size 1024K, 1 young (1024K), 1 survivors (1024K)
 Metaspace       used 57091K, committed 57344K, reserved 1114112K
  class space    used 6701K, committed 6784K, reserved 1048576K
}
Event: 40.205 GC heap before
{Heap before GC invocations=23 (full 0):
 garbage-first heap   total 80896K, used 63997K [0x00000000c8e00000, 0x0000000100000000)
  region size 1024K, 17 young (17408K), 1 survivors (1024K)
 Metaspace       used 57931K, committed 58112K, reserved 1114112K
  class space    used 6772K, committed 6848K, reserved 1048576K
}

