# JRE version: OpenJDK Runtime Environment (17.0.7) (build 17.0.7+0-b2043.56-10550314)
# Java VM: OpenJDK 64-Bit Server VM (17.0.7+0-b2043.56-10550314, mixed mode, tiered, compressed oops, compressed class ptrs, g1 gc, windows-amd64)
GC Precious Log:
 CPUs: 4 total, 4 available
 Memory: 3521M
 Large Page Support: Disabled
 NUMA Support: Disabled
 Compressed Oops: Enabled (32-bit)
 Heap Region Size: 1M
 Heap Min Capacity: 8M
 Heap Initial Capacity: 56M
 Heap Max Capacity: 882M
 Pre-touch: Disabled
 Parallel Workers: 4
 Concurrent Workers: 1
 Concurrent Refinement Workers: 4
 Periodic GC: Disabled
Heap:
 garbage-first heap   total 65536K, used 36644K [0x00000000c8e00000, 0x0000000100000000)
  region size 1024K, 1 young (1024K), 1 survivors (1024K)
 Metaspace       used 53274K, committed 53504K, reserved 1114112K
  class space    used 6323K, committed 6400K, reserved 1048576K
GC Heap History (20 events):
Event: 18.704 GC heap after
{Heap after GC invocations=18 (full 0):
 garbage-first heap   total 40960K, used 22642K [0x00000000c8e00000, 0x0000000100000000)
  region size 1024K, 1 young (1024K), 1 survivors (1024K)
 Metaspace       used 46449K, committed 46656K, reserved 1114112K
  class space    used 5680K, committed 5760K, reserved 1048576K
}
Event: 18.786 GC heap before
{Heap before GC invocations=19 (full 0):
 garbage-first heap   total 46080K, used 31858K [0x00000000c8e00000, 0x0000000100000000)
  region size 1024K, 10 young (10240K), 1 survivors (1024K)
 Metaspace       used 46474K, committed 46720K, reserved 1114112K
  class space    used 5680K, committed 5760K, reserved 1048576K
}
Event: 18.792 GC heap after
{Heap after GC invocations=20 (full 0):
 garbage-first heap   total 46080K, used 25245K [0x00000000c8e00000, 0x0000000100000000)
  region size 1024K, 2 young (2048K), 2 survivors (2048K)
 Metaspace       used 46474K, committed 46720K, reserved 1114112K
  class space    used 5680K, committed 5760K, reserved 1048576K
}
Event: 18.874 GC heap before
{Heap before GC invocations=20 (full 0):
 garbage-first heap   total 46080K, used 35485K [0x00000000c8e00000, 0x0000000100000000)
  region size 1024K, 12 young (12288K), 2 survivors (2048K)
 Metaspace       used 46531K, committed 46784K, reserved 1114112K
  class space    used 5680K, committed 5760K, reserved 1048576K
}
Event: 18.879 GC heap after
{Heap after GC invocations=21 (full 0):
 garbage-first heap   total 55296K, used 25128K [0x00000000c8e00000, 0x0000000100000000)
  region size 1024K, 1 young (1024K), 1 survivors (1024K)
 Metaspace       used 46531K, committed 46784K, reserved 1114112K
  class space    used 5680K, committed 5760K, reserved 1048576K
}
Event: 19.060 GC heap before
{Heap before GC invocations=22 (full 0):
 garbage-first heap   total 55296K, used 32296K [0x00000000c8e00000, 0x0000000100000000)
  region size 1024K, 9 young (9216K), 1 survivors (1024K)
 Metaspace       used 47358K, committed 47552K, reserved 1114112K
  class space    used 5754K, committed 5824K, reserved 1048576K
}
Event: 19.065 GC heap after
{Heap after GC invocations=23 (full 0):
 garbage-first heap   total 55296K, used 25385K [0x00000000c8e00000, 0x0000000100000000)
  region size 1024K, 2 young (2048K), 2 survivors (2048K)
 Metaspace       used 47358K, committed 47552K, reserved 1114112K
  class space    used 5754K, committed 5824K, reserved 1048576K
}
Event: 19.941 GC heap before
{Heap before GC invocations=23 (full 0):
 garbage-first heap   total 55296K, used 42793K [0x00000000c8e00000, 0x0000000100000000)
  region size 1024K, 18 young (18432K), 2 survivors (2048K)
 Metaspace       used 50197K, committed 50432K, reserved 1114112K
  class space    used 6093K, committed 6208K, reserved 1048576K
}
Event: 19.951 GC heap after
{Heap after GC invocations=24 (full 0):
 garbage-first heap   total 55296K, used 30050K [0x00000000c8e00000, 0x0000000100000000)
  region size 1024K, 3 young (3072K), 3 survivors (3072K)
 Metaspace       used 50197K, committed 50432K, reserved 1114112K
  class space    used 6093K, committed 6208K, reserved 1048576K
}
Event: 22.085 GC heap before
{Heap before GC invocations=24 (full 0):
 garbage-first heap   total 55296K, used 42338K [0x00000000c8e00000, 0x0000000100000000)
  region size 1024K, 15 young (15360K), 3 survivors (3072K)
 Metaspace       used 51404K, committed 51648K, reserved 1114112K
  class space    used 6194K, committed 6272K, reserved 1048576K
}
Event: 22.103 GC heap after
{Heap after GC invocations=25 (full 0):
 garbage-first heap   total 55296K, used 32628K [0x00000000c8e00000, 0x0000000100000000)
  region size 1024K, 2 young (2048K), 2 survivors (2048K)
 Metaspace       used 51404K, committed 51648K, reserved 1114112K
  class space    used 6194K, committed 6272K, reserved 1048576K
}
Event: 23.522 GC heap before
{Heap before GC invocations=26 (full 0):
 garbage-first heap   total 56320K, used 42868K [0x00000000c8e00000, 0x0000000100000000)
  region size 1024K, 12 young (12288K), 2 survivors (2048K)
 Metaspace       used 52036K, committed 52224K, reserved 1114112K
  class space    used 6204K, committed 6272K, reserved 1048576K
}
Event: 23.533 GC heap after
{Heap after GC invocations=27 (full 0):
 garbage-first heap   total 56320K, used 34813K [0x00000000c8e00000, 0x0000000100000000)
  region size 1024K, 2 young (2048K), 2 survivors (2048K)
 Metaspace       used 52036K, committed 52224K, reserved 1114112K
  class space    used 6204K, committed 6272K, reserved 1048576K
}
Event: 23.568 GC heap before
{Heap before GC invocations=27 (full 0):
 garbage-first heap   total 56320K, used 35837K [0x00000000c8e00000, 0x0000000100000000)
  region size 1024K, 3 young (3072K), 2 survivors (2048K)
 Metaspace       used 52063K, committed 52224K, reserved 1114112K
  class space    used 6204K, committed 6272K, reserved 1048576K
}
Event: 23.576 GC heap after
{Heap after GC invocations=28 (full 0):
 garbage-first heap   total 56320K, used 34292K [0x00000000c8e00000, 0x0000000100000000)
  region size 1024K, 1 young (1024K), 1 survivors (1024K)
 Metaspace       used 52063K, committed 52224K, reserved 1114112K
  class space    used 6204K, committed 6272K, reserved 1048576K
}
Event: 26.350 GC heap before
{Heap before GC invocations=28 (full 0):
 garbage-first heap   total 56320K, used 43508K [0x00000000c8e00000, 0x0000000100000000)
  region size 1024K, 10 young (10240K), 1 survivors (1024K)
 Metaspace       used 52198K, committed 52352K, reserved 1114112K
  class space    used 6205K, committed 6272K, reserved 1048576K
}
Event: 26.364 GC heap after
{Heap after GC invocations=29 (full 0):
 garbage-first heap   total 56320K, used 36184K [0x00000000c8e00000, 0x0000000100000000)
  region size 1024K, 2 young (2048K), 2 survivors (2048K)
 Metaspace       used 52198K, committed 52352K, reserved 1114112K
  class space    used 6205K, committed 6272K, reserved 1048576K
}
Event: 26.848 GC heap before
{Heap before GC invocations=30 (full 0):
 garbage-first heap   total 65536K, used 44376K [0x00000000c8e00000, 0x0000000100000000)
  region size 1024K, 10 young (10240K), 2 survivors (2048K)
 Metaspace       used 53258K, committed 53504K, reserved 1114112K
  class space    used 6323K, committed 6400K, reserved 1048576K
}
Event: 26.858 GC heap after
{Heap after GC invocations=31 (full 0):
 garbage-first heap   total 65536K, used 36853K [0x00000000c8e00000, 0x0000000100000000)
  region size 1024K, 1 young (1024K), 1 survivors (1024K)
 Metaspace       used 53258K, committed 53504K, reserved 1114112K
  class space    used 6323K, committed 6400K, reserved 1048576K
}
Event: 26.893 GC heap before
{Heap before GC invocations=31 (full 0):
 garbage-first heap   total 65536K, used 38901K [0x00000000c8e00000, 0x0000000100000000)
  region size 1024K, 3 young (3072K), 1 survivors (1024K)
 Metaspace       used 53274K, committed 53504K, reserved 1114112K
  class space    used 6323K, committed 6400K, reserved 1048576K
}

